<?xml version="1.0" encoding="UTF-8"?>
<testng-results skipped="0" failed="0" ignored="0" total="2" passed="2">
  <reporter-output>
  </reporter-output>
  <suite name="Default suite" duration-ms="221644" started-at="2017-10-22T04:58:48Z" finished-at="2017-10-22T05:02:30Z">
    <groups>
      <group name="cucumber">
        <method signature="AbstractTestNGCucumberTests.feature(cucumber.api.testng.CucumberFeatureWrapper)[pri:0, instance:runner.Loginrunner@4dfa3a9d]" name="feature" class="cucumber.api.testng.AbstractTestNGCucumberTests"/>
      </group> <!-- cucumber -->
    </groups>
    <test name="Default test" duration-ms="221644" started-at="2017-10-22T04:58:48Z" finished-at="2017-10-22T05:02:30Z">
      <class name="runner.Loginrunner">
        <test-method status="PASS" signature="setUpClass()[pri:0, instance:runner.Loginrunner@4dfa3a9d]" name="setUpClass" is-config="true" duration-ms="232" started-at="2017-10-22T10:28:48Z" finished-at="2017-10-22T10:28:48Z">
          <reporter-output>
          </reporter-output>
        </test-method> <!-- setUpClass -->
        <test-method status="PASS" signature="feature(cucumber.api.testng.CucumberFeatureWrapper)[pri:0, instance:runner.Loginrunner@4dfa3a9d]" name="feature" duration-ms="120073" started-at="2017-10-22T10:28:48Z" description="Runs Cucumber Feature" data-provider="features" finished-at="2017-10-22T10:30:48Z">
          <params>
            <param index="0">
              <value>
                <![CDATA[To test the login feature of flipkart website]]>
              </value>
            </param>
          </params>
          <reporter-output>
          </reporter-output>
        </test-method> <!-- feature -->
        <test-method status="PASS" signature="feature(cucumber.api.testng.CucumberFeatureWrapper)[pri:0, instance:runner.Loginrunner@4dfa3a9d]" name="feature" duration-ms="101238" started-at="2017-10-22T10:30:48Z" description="Runs Cucumber Feature" data-provider="features" finished-at="2017-10-22T10:32:30Z">
          <params>
            <param index="0">
              <value>
                <![CDATA[To test the signup feature of flipkart]]>
              </value>
            </param>
          </params>
          <reporter-output>
          </reporter-output>
        </test-method> <!-- feature -->
        <test-method status="PASS" signature="tearDownClass()[pri:0, instance:runner.Loginrunner@4dfa3a9d]" name="tearDownClass" is-config="true" duration-ms="14" started-at="2017-10-22T10:32:30Z" finished-at="2017-10-22T10:32:30Z">
          <reporter-output>
          </reporter-output>
        </test-method> <!-- tearDownClass -->
      </class> <!-- runner.Loginrunner -->
    </test> <!-- Default test -->
  </suite> <!-- Default suite -->
</testng-results>
