<?xml version="1.0" encoding="UTF-8"?>
<testng-results skipped="0" failed="0" ignored="0" total="2" passed="2">
  <reporter-output>
  </reporter-output>
  <suite name="Default suite" duration-ms="84490" started-at="2018-04-01T09:08:50Z" finished-at="2018-04-01T09:10:14Z">
    <groups>
      <group name="cucumber">
        <method signature="AbstractTestNGCucumberTests.feature(cucumber.api.testng.CucumberFeatureWrapper)[pri:0, instance:runner.ProjectRunner@23fe1d71]" name="feature" class="cucumber.api.testng.AbstractTestNGCucumberTests"/>
      </group> <!-- cucumber -->
    </groups>
    <test name="Default test" duration-ms="84490" started-at="2018-04-01T09:08:50Z" finished-at="2018-04-01T09:10:14Z">
      <class name="runner.ProjectRunner">
        <test-method status="PASS" signature="setUpClass()[pri:0, instance:runner.ProjectRunner@23fe1d71]" name="setUpClass" is-config="true" duration-ms="266" started-at="2018-04-01T09:08:50Z" finished-at="2018-04-01T09:08:50Z">
          <reporter-output>
          </reporter-output>
        </test-method> <!-- setUpClass -->
        <test-method status="PASS" signature="feature(cucumber.api.testng.CucumberFeatureWrapper)[pri:0, instance:runner.ProjectRunner@23fe1d71]" name="feature" duration-ms="50668" started-at="2018-04-01T09:08:50Z" description="Runs Cucumber Feature" data-provider="features" finished-at="2018-04-01T09:09:41Z">
          <params>
            <param index="0">
              <value>
                <![CDATA[To Test the Signup Feature of Website]]>
              </value>
            </param>
          </params>
          <reporter-output>
          </reporter-output>
        </test-method> <!-- feature -->
        <test-method status="PASS" signature="feature(cucumber.api.testng.CucumberFeatureWrapper)[pri:0, instance:runner.ProjectRunner@23fe1d71]" name="feature" duration-ms="33444" started-at="2018-04-01T09:09:41Z" description="Runs Cucumber Feature" data-provider="features" finished-at="2018-04-01T09:10:14Z">
          <params>
            <param index="0">
              <value>
                <![CDATA[To Test the login functionality of website]]>
              </value>
            </param>
          </params>
          <reporter-output>
          </reporter-output>
        </test-method> <!-- feature -->
        <test-method status="PASS" signature="tearDownClass()[pri:0, instance:runner.ProjectRunner@23fe1d71]" name="tearDownClass" is-config="true" duration-ms="17" started-at="2018-04-01T09:10:14Z" finished-at="2018-04-01T09:10:14Z">
          <reporter-output>
          </reporter-output>
        </test-method> <!-- tearDownClass -->
      </class> <!-- runner.ProjectRunner -->
    </test> <!-- Default test -->
  </suite> <!-- Default suite -->
</testng-results>
